INFO 2023-04-19 15:17:02,636 [root:main.py:predict_emotion:14]
Predicting sentiment of given text

INFO 2023-04-19 15:17:22,111 [root:main.py:predict_emotion:14]
Predicting sentiment of given text

INFO 2023-04-19 15:20:22,809 [root:main.py:predict_emotion:14]
Predicting sentiment of given text

INFO 2023-04-19 15:20:22,810 [root:predict.py:load_model_ckpt:18]
Loading model from checkpoint

INFO 2023-04-19 15:21:12,584 [root:main.py:predict_emotion:14]
Predicting sentiment of given text

INFO 2023-04-19 15:21:12,584 [root:predict.py:load_model_ckpt:18]
Loading model from checkpoint

INFO 2023-04-19 15:22:25,628 [root:main.py:predict_emotion:14]
Predicting sentiment of given text

INFO 2023-04-19 15:22:25,629 [root:predict.py:load_model_ckpt:18]
Loading model from checkpoint

INFO 2023-04-19 15:22:26,246 [root:data.py:preprocess_data:27]
Preprocessing data

INFO 2023-04-19 15:22:26,246 [root:data.py:load_tokenizer:15]
Loading tokenizer from checkpoint

INFO 2023-04-19 15:22:57,934 [root:main.py:predict_emotion:14]
Predicting sentiment of given text

INFO 2023-04-19 15:22:57,935 [root:predict.py:load_model_ckpt:18]
Loading model from checkpoint

INFO 2023-04-19 15:22:58,528 [root:data.py:preprocess_data:27]
Preprocessing data

INFO 2023-04-19 15:22:58,528 [root:data.py:load_tokenizer:15]
Loading tokenizer from checkpoint

INFO 2023-04-19 15:27:18,481 [root:main.py:predict_emotion:14]
Predicting sentiment of given text

INFO 2023-04-19 15:27:18,482 [root:predict.py:load_model_ckpt:18]
Loading model from checkpoint

INFO 2023-04-19 15:27:19,157 [root:data.py:preprocess_data:27]
Preprocessing data

INFO 2023-04-19 15:27:19,157 [root:data.py:load_tokenizer:15]
Loading tokenizer from checkpoint

INFO 2023-04-19 15:29:01,933 [root:main.py:predict_emotion:14]
Predicting sentiment of given text

INFO 2023-04-19 15:29:01,934 [root:predict.py:load_model_ckpt:18]
Loading model from checkpoint

INFO 2023-04-19 15:29:02,547 [root:data.py:preprocess_data:27]
Preprocessing data

INFO 2023-04-19 15:29:02,547 [root:data.py:load_tokenizer:15]
Loading tokenizer from checkpoint

INFO 2023-04-19 15:30:34,438 [root:main.py:predict_emotion:14]
Predicting sentiment of given text

INFO 2023-04-19 15:30:34,440 [root:predict.py:load_model_ckpt:22]
Loading model from checkpoint

INFO 2023-04-19 15:30:35,069 [root:data.py:preprocess_data:27]
Preprocessing data

INFO 2023-04-19 15:30:35,069 [root:data.py:load_tokenizer:15]
Loading tokenizer from checkpoint

INFO 2023-04-19 15:31:03,410 [root:main.py:predict_emotion:14]
Predicting sentiment of given text

INFO 2023-04-19 15:31:03,411 [root:predict.py:load_model_ckpt:22]
Loading model from checkpoint

INFO 2023-04-19 15:31:03,923 [root:data.py:preprocess_data:27]
Preprocessing data

INFO 2023-04-19 15:31:03,924 [root:data.py:load_tokenizer:15]
Loading tokenizer from checkpoint

INFO 2023-04-19 15:31:20,579 [root:main.py:predict_emotion:14]
Predicting sentiment of given text

INFO 2023-04-19 15:31:20,579 [root:predict.py:load_model_ckpt:22]
Loading model from checkpoint

INFO 2023-04-19 15:31:21,085 [root:data.py:preprocess_data:27]
Preprocessing data

INFO 2023-04-19 15:31:21,085 [root:data.py:load_tokenizer:15]
Loading tokenizer from checkpoint

INFO 2023-04-19 15:31:43,414 [root:main.py:predict_emotion:14]
Predicting sentiment of given text

INFO 2023-04-19 15:31:43,414 [root:predict.py:load_model_ckpt:22]
Loading model from checkpoint

INFO 2023-04-19 15:31:43,926 [root:data.py:preprocess_data:27]
Preprocessing data

INFO 2023-04-19 15:31:43,926 [root:data.py:load_tokenizer:15]
Loading tokenizer from checkpoint

INFO 2023-04-19 15:31:58,190 [root:main.py:predict_emotion:14]
Predicting sentiment of given text

INFO 2023-04-19 15:31:58,191 [root:predict.py:load_model_ckpt:22]
Loading model from checkpoint

INFO 2023-04-19 15:31:58,700 [root:data.py:preprocess_data:27]
Preprocessing data

INFO 2023-04-19 15:31:58,702 [root:data.py:load_tokenizer:15]
Loading tokenizer from checkpoint

